<?xml version="1.0" encoding="UTF-8"?>
<!-- Generated by org.testng.reporters.JUnitXMLReporter -->
<testsuite ignored="0" hostname="LTIN334072" failures="0" tests="3" name="Default test" time="2.677" errors="0" timestamp="2024-03-11T18:37:56 IST">
  <testcase classname="APITestingUsingRestAssured.DynamicJson" name="addBook" time="2.16"/>
  <testcase classname="APITestingUsingRestAssured.DynamicJson" name="addBook" time="0.229"/>
  <testcase classname="APITestingUsingRestAssured.DynamicJson" name="addBook" time="0.23"/>
</testsuite> <!-- Default test -->
