<?xml version="1.0" encoding="UTF-8"?>
<testng-results ignored="0" total="3" passed="3" failed="0" skipped="0">
  <reporter-output>
  </reporter-output>
  <suite started-at="2024-03-11T18:37:53 IST" name="Default suite" finished-at="2024-03-11T18:37:56 IST" duration-ms="2677">
    <groups>
    </groups>
    <test started-at="2024-03-11T18:37:53 IST" name="Default test" finished-at="2024-03-11T18:37:56 IST" duration-ms="2677">
      <class name="APITestingUsingRestAssured.DynamicJson">
        <test-method signature="addBook(java.lang.String,java.lang.String)[pri:1, instance:APITestingUsingRestAssured.DynamicJson@4fb0f2b9]" started-at="2024-03-11T18:37:53 IST" name="addBook" data-provider="BooksData" finished-at="2024-03-11T18:37:55 IST" duration-ms="2160" status="PASS">
          <params>
            <param index="0">
              <value>
                <![CDATA[fps]]>
              </value>
            </param>
            <param index="1">
              <value>
                <![CDATA[2341]]>
              </value>
            </param>
          </params>
          <reporter-output>
          </reporter-output>
        </test-method> <!-- addBook -->
        <test-method signature="addBook(java.lang.String,java.lang.String)[pri:1, instance:APITestingUsingRestAssured.DynamicJson@4fb0f2b9]" started-at="2024-03-11T18:37:55 IST" name="addBook" data-provider="BooksData" finished-at="2024-03-11T18:37:55 IST" duration-ms="229" status="PASS">
          <params>
            <param index="0">
              <value>
                <![CDATA[isw]]>
              </value>
            </param>
            <param index="1">
              <value>
                <![CDATA[6745]]>
              </value>
            </param>
          </params>
          <reporter-output>
          </reporter-output>
        </test-method> <!-- addBook -->
        <test-method signature="addBook(java.lang.String,java.lang.String)[pri:1, instance:APITestingUsingRestAssured.DynamicJson@4fb0f2b9]" started-at="2024-03-11T18:37:55 IST" name="addBook" data-provider="BooksData" finished-at="2024-03-11T18:37:56 IST" duration-ms="230" status="PASS">
          <params>
            <param index="0">
              <value>
                <![CDATA[lmg]]>
              </value>
            </param>
            <param index="1">
              <value>
                <![CDATA[0971]]>
              </value>
            </param>
          </params>
          <reporter-output>
          </reporter-output>
        </test-method> <!-- addBook -->
      </class> <!-- APITestingUsingRestAssured.DynamicJson -->
    </test> <!-- Default test -->
  </suite> <!-- Default suite -->
</testng-results>
